Unity Editor version:    2021.3.19f1 (c9714fde33b6)
Branch:                  2021.3/staging
Build type:              Release
Batch mode:              YES
macOS version:           Version 13.2 (Build 22D49)
Darwin version:          22.3.0
Architecture:            x86_64
Running under Rosetta:   NO
Available memory:        16384 MB
Using pre-set license
Pro License: YES

COMMAND LINE ARGUMENTS:
/Applications/Unity/Hub/Editor/2021.3.19f1/Unity.app/Contents/MacOS/Unity
-adb2
-batchMode
-noUpm
-name
AssetImportWorker0
-projectPath
/Users/jonathanwu/Documents/GitHub/COMM 170/COMM 170 Week 5
-logFile
Logs/AssetImportWorker0.log
-srvPort
57865
Successfully changed project path to: /Users/jonathanwu/Documents/GitHub/COMM 170/COMM 170 Week 5
/Users/jonathanwu/Documents/GitHub/COMM 170/COMM 170 Week 5
[UnityMemory] Configuration Parameters - Can be set up in boot.config
    "memorysetup-bucket-allocator-granularity=16"
    "memorysetup-bucket-allocator-bucket-count=8"
    "memorysetup-bucket-allocator-block-size=33554432"
    "memorysetup-bucket-allocator-block-count=8"
    "memorysetup-main-allocator-block-size=16777216"
    "memorysetup-thread-allocator-block-size=16777216"
    "memorysetup-gfx-main-allocator-block-size=16777216"
    "memorysetup-gfx-thread-allocator-block-size=16777216"
    "memorysetup-cache-allocator-block-size=4194304"
    "memorysetup-typetree-allocator-block-size=2097152"
    "memorysetup-profiler-bucket-allocator-granularity=16"
    "memorysetup-profiler-bucket-allocator-bucket-count=8"
    "memorysetup-profiler-bucket-allocator-block-size=33554432"
    "memorysetup-profiler-bucket-allocator-block-count=8"
    "memorysetup-profiler-allocator-block-size=16777216"
    "memorysetup-profiler-editor-allocator-block-size=1048576"
    "memorysetup-temp-allocator-size-main=16777216"
    "memorysetup-job-temp-allocator-block-size=2097152"
    "memorysetup-job-temp-allocator-block-size-background=1048576"
    "memorysetup-job-temp-allocator-reduction-small-platforms=262144"
    "memorysetup-temp-allocator-size-background-worker=32768"
    "memorysetup-temp-allocator-size-job-worker=262144"
    "memorysetup-temp-allocator-size-preload-manager=33554432"
    "memorysetup-temp-allocator-size-nav-mesh-worker=65536"
    "memorysetup-temp-allocator-size-audio-worker=65536"
    "memorysetup-temp-allocator-size-cloud-worker=32768"
    "memorysetup-temp-allocator-size-gi-baking-worker=262144"
    "memorysetup-temp-allocator-size-gfx=262144"
Player connection [140704586884672] Host "[IP] 172.31.123.211 [Port] 0 [Flags] 2 [Guid] 2021224954 [EditorId] 2021224954 [Version] 1048832 [Id] OSXEditor(0,Jonathans-MacBook-Pro-2.local) [Debug] 1 [PackageName] OSXEditor [ProjectName] Editor" joined multi-casting on [225.0.0.222:54997]...

Player connection [140704586884672] Host "[IP] 172.31.123.211 [Port] 0 [Flags] 2 [Guid] 2021224954 [EditorId] 2021224954 [Version] 1048832 [Id] OSXEditor(0,Jonathans-MacBook-Pro-2.local) [Debug] 1 [PackageName] OSXEditor [ProjectName] Editor" joined alternative multi-casting on [225.0.0.222:34997]...

Refreshing native plugins compatible for Editor in 185.41 ms, found 2 plugins.
Preloading 0 native plugins for Editor in 0.00 ms.
Initialize engine version: 2021.3.19f1 (c9714fde33b6)
[Subsystems] Discovering subsystems at path /Applications/Unity/Hub/Editor/2021.3.19f1/Unity.app/Contents/Resources/UnitySubsystems
[Subsystems] Discovering subsystems at path /Users/jonathanwu/Documents/GitHub/COMM 170/COMM 170 Week 5/Assets
GfxDevice: creating device client; threaded=0; jobified=0
Color LCD preferred device: Intel(R) Iris(TM) Plus Graphics (low power)
Metal devices available: 1
0: Intel(R) Iris(TM) Plus Graphics (low power)
Using device Intel(R) Iris(TM) Plus Graphics (low power)
Initializing Metal device caps: Intel(R) Iris(TM) Plus Graphics
Initialize mono
Mono path[0] = '/Applications/Unity/Hub/Editor/2021.3.19f1/Unity.app/Contents/Managed'
Mono path[1] = '/Applications/Unity/Hub/Editor/2021.3.19f1/Unity.app/Contents/MonoBleedingEdge/lib/mono/unityjit-macos'
Mono config path = '/Applications/Unity/Hub/Editor/2021.3.19f1/Unity.app/Contents/MonoBleedingEdge/etc'
Using monoOptions --debugger-agent=transport=dt_socket,embedding=1,server=y,suspend=n,address=127.0.0.1:56102
Begin MonoManager ReloadAssembly
Registering precompiled unity dll's ...
Register platform support module: /Applications/Unity/Hub/Editor/2021.3.19f1/PlaybackEngines/WebGLSupport/UnityEditor.WebGL.Extensions.dll
Register platform support module: /Applications/Unity/Hub/Editor/2021.3.19f1/Unity.app/Contents/PlaybackEngines/MacStandaloneSupport/UnityEditor.OSXStandalone.Extensions.dll
Registered in 0.003868 seconds.
Native extension for OSXStandalone target not found
Native extension for WebGL target not found
Refreshing native plugins compatible for Editor in 208.29 ms, found 2 plugins.
Preloading 0 native plugins for Editor in 0.00 ms.
Mono: successfully reloaded assembly
- Completed reload, in  1.352 seconds
Domain Reload Profiling:
	ReloadAssembly (1353ms)
		BeginReloadAssembly (183ms)
			ExecutionOrderSort (0ms)
			DisableScriptedObjects (0ms)
			BackupInstance (0ms)
			ReleaseScriptingObjects (0ms)
			CreateAndSetChildDomain (1ms)
		EndReloadAssembly (948ms)
			LoadAssemblies (185ms)
			RebuildTransferFunctionScriptingTraits (0ms)
			SetupTypeCache (208ms)
			ReleaseScriptCaches (0ms)
			RebuildScriptCaches (53ms)
			SetupLoadedEditorAssemblies (611ms)
				LogAssemblyErrors (0ms)
				InitializePlatformSupportModulesInManaged (15ms)
				SetLoadedEditorAssemblies (1ms)
				RefreshPlugins (208ms)
				BeforeProcessingInitializeOnLoad (2ms)
				ProcessInitializeOnLoadAttributes (313ms)
				ProcessInitializeOnLoadMethodAttributes (72ms)
				AfterProcessingInitializeOnLoad (0ms)
				EditorAssembliesLoaded (0ms)
			ExecutionOrderSort2 (0ms)
			AwakeInstancesAfterBackupRestoration (0ms)
Platform modules already initialized, skipping
Registering precompiled user dll's ...
Registered in 0.020642 seconds.
Begin MonoManager ReloadAssembly
Symbol file LoadedFromMemory doesn't match image /Users/jonathanwu/Documents/GitHub/COMM 170/COMM 170 Week 5/Library/PackageCache/com.unity.visualscripting@1.8.0/Editor/VisualScripting.Core/Dependencies/DotNetZip/Unity.VisualScripting.IonicZip.dll
Symbol file LoadedFromMemory doesn't match image /Users/jonathanwu/Documents/GitHub/COMM 170/COMM 170 Week 5/Library/PackageCache/com.unity.visualscripting@1.8.0/Editor/VisualScripting.Core/Dependencies/YamlDotNet/Unity.VisualScripting.YamlDotNet.dll
Native extension for OSXStandalone target not found
Native extension for WebGL target not found
Refreshing native plugins compatible for Editor in 98.28 ms, found 2 plugins.
Preloading 0 native plugins for Editor in 0.00 ms.
Package Manager log level set to [2]
Mono: successfully reloaded assembly
- Completed reload, in  2.151 seconds
Domain Reload Profiling:
	ReloadAssembly (2153ms)
		BeginReloadAssembly (240ms)
			ExecutionOrderSort (0ms)
			DisableScriptedObjects (18ms)
			BackupInstance (0ms)
			ReleaseScriptingObjects (0ms)
			CreateAndSetChildDomain (61ms)
		EndReloadAssembly (1611ms)
			LoadAssemblies (216ms)
			RebuildTransferFunctionScriptingTraits (0ms)
			SetupTypeCache (509ms)
			ReleaseScriptCaches (1ms)
			RebuildScriptCaches (117ms)
			SetupLoadedEditorAssemblies (723ms)
				LogAssemblyErrors (0ms)
				InitializePlatformSupportModulesInManaged (7ms)
				SetLoadedEditorAssemblies (0ms)
				RefreshPlugins (98ms)
				BeforeProcessingInitializeOnLoad (117ms)
				ProcessInitializeOnLoadAttributes (450ms)
				ProcessInitializeOnLoadMethodAttributes (49ms)
				AfterProcessingInitializeOnLoad (2ms)
				EditorAssembliesLoaded (0ms)
			ExecutionOrderSort2 (0ms)
			AwakeInstancesAfterBackupRestoration (5ms)
Platform modules already initialized, skipping
========================================================================
Worker process is ready to serve import requests
Launching external process: /Applications/Unity/Hub/Editor/2021.3.19f1/Unity.app/Contents/Tools/UnityShaderCompiler
Launched and connected shader compiler UnityShaderCompiler after 0.08 seconds
Refreshing native plugins compatible for Editor in 0.87 ms, found 2 plugins.
Preloading 0 native plugins for Editor in 0.00 ms.
Unloading 4226 Unused Serialized files (Serialized files now loaded: 0)
Unloading 49 unused Assets / (41.1 KB). Loaded Objects now: 4680.
Memory consumption went from 150.4 MB to 150.4 MB.
Total: 5.629671 ms (FindLiveObjects: 0.381957 ms CreateObjectMapping: 0.364805 ms MarkObjects: 4.745342 ms  DeleteObjects: 0.136194 ms)

AssetImportParameters requested are different than current active one (requested -> active):
  custom:video-decoder-ogg-theora: a1e56fd34408186e4bbccfd4996cb3dc -> 
  custom:container-muxer-webm: aa71ff27fc2769a1b78a27578f13a17b -> 
  custom:container-demuxer-webm: 4f35f7cbe854078d1ac9338744f61a02 -> 
  custom:video-encoder-webm-vp8: eb34c28f22e8b96e1ab97ce403110664 -> 
  custom:framework-osx-AVFoundation: e770b220cccbd017edd2c1fefb359320 -> 
  custom:audio-encoder-webm-vorbis: bf7c407c2cedff20999df2af8eb42d56 -> 
  custom:container-demuxer-ogg: 62fdf1f143b41e24485cea50d1cbac27 -> 
  custom:video-decoder-webm-vp8: 9c59270c3fd7afecdb556c50c9e8de78 -> 
  custom:audio-decoder-ogg-vorbis: bf7c407c2cedff20999df2af8eb42d56 -> 
========================================================================
Received Import Request.
  Time since last request: 471394.863188 seconds.
  path: Assets/Material/Sphere Material 2.mat
  artifactKey: Guid(199e570846277ec4ca64d55f472ee950) Importer(815301076,1909f56bfc062723c751e8b465ee728b)
Start importing Assets/Material/Sphere Material 2.mat using Guid(199e570846277ec4ca64d55f472ee950) Importer(815301076,1909f56bfc062723c751e8b465ee728b)  -> (artifact id: '02ea81d61b8cb2df400ecf4418d7f9ee') in 0.684954 seconds 
========================================================================
Received Import Request.
  Time since last request: 0.000105 seconds.
  path: Assets/Material/Ground.mat
  artifactKey: Guid(7faf87e27f2f2864d917a8326259b02c) Importer(815301076,1909f56bfc062723c751e8b465ee728b)
Start importing Assets/Material/Ground.mat using Guid(7faf87e27f2f2864d917a8326259b02c) Importer(815301076,1909f56bfc062723c751e8b465ee728b)  -> (artifact id: 'f3ec208b0db52b14bbf1821d4bd48748') in 0.024199 seconds 
========================================================================
Received Import Request.
  Time since last request: 0.000313 seconds.
  path: Assets/Material/Sphere Material 3.mat
  artifactKey: Guid(25ca4fea504219a41aa25e6960d8f4f7) Importer(815301076,1909f56bfc062723c751e8b465ee728b)
Start importing Assets/Material/Sphere Material 3.mat using Guid(25ca4fea504219a41aa25e6960d8f4f7) Importer(815301076,1909f56bfc062723c751e8b465ee728b)  -> (artifact id: '9dcec440c6f094e98dc4d26c2eb7c759') in 0.018396 seconds 
========================================================================
Received Import Request.
  Time since last request: 2.842747 seconds.
  path: Assets/Scenes
  artifactKey: Guid(6ea315d0fd7389c41b19996891e99ae3) Importer(815301076,1909f56bfc062723c751e8b465ee728b)
Start importing Assets/Scenes using Guid(6ea315d0fd7389c41b19996891e99ae3) Importer(815301076,1909f56bfc062723c751e8b465ee728b)  -> (artifact id: 'b8193726cff86800c54781cdc6d54904') in 0.002519 seconds 
========================================================================
Received Import Request.
  Time since last request: 0.923571 seconds.
  path: Assets/Scenes/COMM_170_Week5_Wu_Scene1.unity
  artifactKey: Guid(bde2f3d8a88895c40811cedb0d7a0ac0) Importer(815301076,1909f56bfc062723c751e8b465ee728b)
Start importing Assets/Scenes/COMM_170_Week5_Wu_Scene1.unity using Guid(bde2f3d8a88895c40811cedb0d7a0ac0) Importer(815301076,1909f56bfc062723c751e8b465ee728b)  -> (artifact id: '80ee16d3044d8040f2ee3a640236699b') in 0.002553 seconds 
========================================================================
Received Import Request.
  Time since last request: 2.437384 seconds.
  path: Assets/Scenes/SampleScene.unity
  artifactKey: Guid(9fc0d4010bbf28b4594072e72b8655ab) Importer(815301076,1909f56bfc062723c751e8b465ee728b)
Start importing Assets/Scenes/SampleScene.unity using Guid(9fc0d4010bbf28b4594072e72b8655ab) Importer(815301076,1909f56bfc062723c751e8b465ee728b)  -> (artifact id: '8aaee2c5e0b7a702857a2c9d1158e783') in 0.003526 seconds 
========================================================================
Received Import Request.
  Time since last request: 422.264091 seconds.
  path: Assets/Objects
  artifactKey: Guid(9ab6d8f28cf383e4a9324ff0d1a3597f) Importer(815301076,1909f56bfc062723c751e8b465ee728b)
Start importing Assets/Objects using Guid(9ab6d8f28cf383e4a9324ff0d1a3597f) Importer(815301076,1909f56bfc062723c751e8b465ee728b)  -> (artifact id: 'cbd9c8fc70f9eb941a4f90e7a373e23b') in 0.006800 seconds 
========================================================================
Received Import Request.
  Time since last request: 5.944352 seconds.
  path: Assets/sakura-tree
  artifactKey: Guid(eb1f0d8d472f24c94b5a9d6e34a121fc) Importer(815301076,1909f56bfc062723c751e8b465ee728b)
Start importing Assets/sakura-tree using Guid(eb1f0d8d472f24c94b5a9d6e34a121fc) Importer(815301076,1909f56bfc062723c751e8b465ee728b)  -> (artifact id: '3bf145fb2a36325d17a681c9ded68d56') in 0.006292 seconds 
========================================================================
Received Import Request.
  Time since last request: 0.991624 seconds.
  path: Assets/sakura-tree/source
  artifactKey: Guid(a68a381c620b74171851fc38222ef39f) Importer(815301076,1909f56bfc062723c751e8b465ee728b)
Start importing Assets/sakura-tree/source using Guid(a68a381c620b74171851fc38222ef39f) Importer(815301076,1909f56bfc062723c751e8b465ee728b)  -> (artifact id: 'e1900cc43cbd28a0f9287651fd8c842a') in 0.002903 seconds 
========================================================================
Received Import Request.
  Time since last request: 5.537888 seconds.
  path: Assets/sakura-tree/textures
  artifactKey: Guid(8aee88ebd22e3497a9753643371edf44) Importer(815301076,1909f56bfc062723c751e8b465ee728b)
Start importing Assets/sakura-tree/textures using Guid(8aee88ebd22e3497a9753643371edf44) Importer(815301076,1909f56bfc062723c751e8b465ee728b)  -> (artifact id: 'f4a5574bb7cb9c5726865e0eb22a6b08') in 0.002725 seconds 
========================================================================
Received Import Request.
  Time since last request: 0.968085 seconds.
  path: Assets/sakura-tree/textures/Bark_D.png
  artifactKey: Guid(12db0f6b0b3224435bd2e883a2ad9332) Importer(815301076,1909f56bfc062723c751e8b465ee728b)
Start importing Assets/sakura-tree/textures/Bark_D.png using Guid(12db0f6b0b3224435bd2e883a2ad9332) Importer(815301076,1909f56bfc062723c751e8b465ee728b)  -> (artifact id: '9dba3d59488ebdf0d2a333d0048ca0b3') in 0.996011 seconds 
========================================================================
Received Import Request.
  Time since last request: 0.000129 seconds.
  path: Assets/sakura-tree/textures/Brances_O.png
  artifactKey: Guid(c2aff5fb4109b4338a067ef882724715) Importer(815301076,1909f56bfc062723c751e8b465ee728b)
Start importing Assets/sakura-tree/textures/Brances_O.png using Guid(c2aff5fb4109b4338a067ef882724715) Importer(815301076,1909f56bfc062723c751e8b465ee728b)  -> (artifact id: 'ee8f8e2a9b4dafb789350391945d1f54') in 0.023384 seconds 
========================================================================
Received Import Request.
  Time since last request: 0.000170 seconds.
  path: Assets/sakura-tree/textures/Sandals_D.png
  artifactKey: Guid(451a3e65cbd374557bc3a511ec04b6ec) Importer(815301076,1909f56bfc062723c751e8b465ee728b)
Start importing Assets/sakura-tree/textures/Sandals_D.png using Guid(451a3e65cbd374557bc3a511ec04b6ec) Importer(815301076,1909f56bfc062723c751e8b465ee728b)  -> (artifact id: '60f41bb5d8d34f5959e6c9bbc37cbfde') in 0.022596 seconds 
========================================================================
Received Import Request.
  Time since last request: 132.359070 seconds.
  path: Assets/Prefabs
  artifactKey: Guid(01c3f11f4ae58464abbf07a80fbb49ce) Importer(815301076,1909f56bfc062723c751e8b465ee728b)
Start importing Assets/Prefabs using Guid(01c3f11f4ae58464abbf07a80fbb49ce) Importer(815301076,1909f56bfc062723c751e8b465ee728b)  -> (artifact id: '100aeb47e908f9dba2e4e11e44090344') in 0.003810 seconds 
========================================================================
Received Import Request.
  Time since last request: 0.333601 seconds.
  path: Assets/Prefabs/XR Origin.prefab
  artifactKey: Guid(fb34fcba1087998429e4812dfd6a40ce) Importer(815301076,1909f56bfc062723c751e8b465ee728b)
Start importing Assets/Prefabs/XR Origin.prefab using Guid(fb34fcba1087998429e4812dfd6a40ce) Importer(815301076,1909f56bfc062723c751e8b465ee728b)  -> (artifact id: 'a4c8c56f76f1b988cf589071f2a66857') in 0.381321 seconds 
========================================================================
Received Import Request.
  Time since last request: 17.749023 seconds.
  path: Assets/Objects/Person.prefab
  artifactKey: Guid(dc964e4ea8e516343954d81b7b512b31) Importer(815301076,1909f56bfc062723c751e8b465ee728b)
Start importing Assets/Objects/Person.prefab using Guid(dc964e4ea8e516343954d81b7b512b31) Importer(815301076,1909f56bfc062723c751e8b465ee728b)  -> (artifact id: 'cffc8a68b8872c70d5a03518ace78362') in 0.155900 seconds 
========================================================================
Received Import Request.
  Time since last request: 0.000167 seconds.
  path: Assets/Objects/Table Top.prefab
  artifactKey: Guid(d272f92b3701a3b4781abc5dae8cc6af) Importer(815301076,1909f56bfc062723c751e8b465ee728b)
Start importing Assets/Objects/Table Top.prefab using Guid(d272f92b3701a3b4781abc5dae8cc6af) Importer(815301076,1909f56bfc062723c751e8b465ee728b)  -> (artifact id: '365bc1c3aacb837840e0b6a13435ffcc') in 0.023947 seconds 
========================================================================
Received Import Request.
  Time since last request: 230.886479 seconds.
  path: Assets/Prefabs/sakura-tree
  artifactKey: Guid(ecff77bcad09e4a9a84c92ad70a73c1f) Importer(815301076,1909f56bfc062723c751e8b465ee728b)
Start importing Assets/Prefabs/sakura-tree using Guid(ecff77bcad09e4a9a84c92ad70a73c1f) Importer(815301076,1909f56bfc062723c751e8b465ee728b)  -> (artifact id: 'e6a03d74850e9e72fa6ad30be9817f5a') in 0.003064 seconds 
========================================================================
Received Import Request.
  Time since last request: 1.020647 seconds.
  path: Assets/Prefabs/sakura-tree/source
  artifactKey: Guid(32470b863b24b49859ae55ad15671161) Importer(815301076,1909f56bfc062723c751e8b465ee728b)
Start importing Assets/Prefabs/sakura-tree/source using Guid(32470b863b24b49859ae55ad15671161) Importer(815301076,1909f56bfc062723c751e8b465ee728b)  -> (artifact id: 'b44340ce7b52a907c87f25098a2df2fc') in 0.001792 seconds 
========================================================================
Received Import Request.
  Time since last request: 0.768322 seconds.
  path: Assets/Prefabs/sakura-tree/source/Prop_Tree.rar
  artifactKey: Guid(eb22ae1ba9c7443bcac5af0c93ebfdfa) Importer(815301076,1909f56bfc062723c751e8b465ee728b)
Start importing Assets/Prefabs/sakura-tree/source/Prop_Tree.rar using Guid(eb22ae1ba9c7443bcac5af0c93ebfdfa) Importer(815301076,1909f56bfc062723c751e8b465ee728b)  -> (artifact id: '98f171a54718e6e05add29c23ca624d4') in 0.137187 seconds 
========================================================================
Received Prepare
Registering precompiled user dll's ...
Registered in 0.007070 seconds.
Begin MonoManager ReloadAssembly
Symbol file LoadedFromMemory doesn't match image /Users/jonathanwu/Documents/GitHub/COMM 170/COMM 170 Week 5/Library/PackageCache/com.unity.visualscripting@1.8.0/Editor/VisualScripting.Core/Dependencies/DotNetZip/Unity.VisualScripting.IonicZip.dll
Symbol file LoadedFromMemory doesn't match image /Users/jonathanwu/Documents/GitHub/COMM 170/COMM 170 Week 5/Library/PackageCache/com.unity.visualscripting@1.8.0/Editor/VisualScripting.Core/Dependencies/YamlDotNet/Unity.VisualScripting.YamlDotNet.dll
Native extension for OSXStandalone target not found
Native extension for WebGL target not found
Refreshing native plugins compatible for Editor in 0.98 ms, found 2 plugins.
Preloading 0 native plugins for Editor in 0.00 ms.
Mono: successfully reloaded assembly
- Completed reload, in  1.788 seconds
Domain Reload Profiling:
	ReloadAssembly (1789ms)
		BeginReloadAssembly (381ms)
			ExecutionOrderSort (0ms)
			DisableScriptedObjects (10ms)
			BackupInstance (0ms)
			ReleaseScriptingObjects (0ms)
			CreateAndSetChildDomain (170ms)
		EndReloadAssembly (1253ms)
			LoadAssemblies (202ms)
			RebuildTransferFunctionScriptingTraits (0ms)
			SetupTypeCache (480ms)
			ReleaseScriptCaches (2ms)
			RebuildScriptCaches (66ms)
			SetupLoadedEditorAssemblies (475ms)
				LogAssemblyErrors (0ms)
				InitializePlatformSupportModulesInManaged (13ms)
				SetLoadedEditorAssemblies (1ms)
				RefreshPlugins (1ms)
				BeforeProcessingInitializeOnLoad (76ms)
				ProcessInitializeOnLoadAttributes (341ms)
				ProcessInitializeOnLoadMethodAttributes (41ms)
				AfterProcessingInitializeOnLoad (2ms)
				EditorAssembliesLoaded (0ms)
			ExecutionOrderSort2 (0ms)
			AwakeInstancesAfterBackupRestoration (5ms)
Platform modules already initialized, skipping
Refreshing native plugins compatible for Editor in 8.14 ms, found 2 plugins.
Preloading 0 native plugins for Editor in 0.00 ms.
Unloading 4231 Unused Serialized files (Serialized files now loaded: 0)
Unloading 47 unused Assets / (73.7 KB). Loaded Objects now: 4742.
Memory consumption went from 169.8 MB to 169.7 MB.
Total: 4.715526 ms (FindLiveObjects: 0.338924 ms CreateObjectMapping: 0.237721 ms MarkObjects: 3.972466 ms  DeleteObjects: 0.164386 ms)

AssetImportParameters requested are different than current active one (requested -> active):
  custom:video-decoder-ogg-theora: a1e56fd34408186e4bbccfd4996cb3dc -> 
  custom:container-muxer-webm: aa71ff27fc2769a1b78a27578f13a17b -> 
  custom:container-demuxer-webm: 4f35f7cbe854078d1ac9338744f61a02 -> 
  custom:video-encoder-webm-vp8: eb34c28f22e8b96e1ab97ce403110664 -> 
  custom:framework-osx-AVFoundation: e770b220cccbd017edd2c1fefb359320 -> 
  custom:audio-encoder-webm-vorbis: bf7c407c2cedff20999df2af8eb42d56 -> 
  custom:container-demuxer-ogg: 62fdf1f143b41e24485cea50d1cbac27 -> 
  custom:video-decoder-webm-vp8: 9c59270c3fd7afecdb556c50c9e8de78 -> 
  custom:audio-decoder-ogg-vorbis: bf7c407c2cedff20999df2af8eb42d56 -> 
========================================================================
Received Import Request.
  Time since last request: 82.574370 seconds.
  path: Assets/Sketchfab For Unity
  artifactKey: Guid(20c947a41a56ae3478151c41467de777) Importer(815301076,1909f56bfc062723c751e8b465ee728b)
Start importing Assets/Sketchfab For Unity using Guid(20c947a41a56ae3478151c41467de777) Importer(815301076,1909f56bfc062723c751e8b465ee728b)  -> (artifact id: '58787f5a9a149abb88225cb33dff0e26') in 0.010365 seconds 
========================================================================
Received Import Request.
  Time since last request: 0.176274 seconds.
  path: Assets/Sketchfab For Unity/Dependencies
  artifactKey: Guid(80c2c11d4c3eaee4e9f4450f8e8db3b2) Importer(815301076,1909f56bfc062723c751e8b465ee728b)
Start importing Assets/Sketchfab For Unity/Dependencies using Guid(80c2c11d4c3eaee4e9f4450f8e8db3b2) Importer(815301076,1909f56bfc062723c751e8b465ee728b)  -> (artifact id: '6e176c74bf313242a8b841a97ca642a8') in 0.002918 seconds 
========================================================================
Received Import Request.
  Time since last request: 0.820312 seconds.
  path: Assets/Sketchfab For Unity/Scripts
  artifactKey: Guid(a8ee8c71a1fb7d94baf481b6a2a2ac6f) Importer(815301076,1909f56bfc062723c751e8b465ee728b)
Start importing Assets/Sketchfab For Unity/Scripts using Guid(a8ee8c71a1fb7d94baf481b6a2a2ac6f) Importer(815301076,1909f56bfc062723c751e8b465ee728b)  -> (artifact id: '3c01b3377a1b74f52cdf96e34dd6f949') in 0.002549 seconds 
========================================================================
Received Import Request.
  Time since last request: 58.991343 seconds.
  path: Assets/hand-painted-sakura-tree
  artifactKey: Guid(09dc935135e4944a4b87a710fa6ec8ac) Importer(815301076,1909f56bfc062723c751e8b465ee728b)
Start importing Assets/hand-painted-sakura-tree using Guid(09dc935135e4944a4b87a710fa6ec8ac) Importer(815301076,1909f56bfc062723c751e8b465ee728b)  -> (artifact id: '4ca00d953d50af5ec2bf6146304d2dd7') in 0.004673 seconds 
========================================================================
Received Import Request.
  Time since last request: 0.655429 seconds.
  path: Assets/hand-painted-sakura-tree/source
  artifactKey: Guid(34d8b8206e2b04d789d4c692624ab651) Importer(815301076,1909f56bfc062723c751e8b465ee728b)
Start importing Assets/hand-painted-sakura-tree/source using Guid(34d8b8206e2b04d789d4c692624ab651) Importer(815301076,1909f56bfc062723c751e8b465ee728b)  -> (artifact id: '09f1961ef87642e91fb44dadabdc30fe') in 0.002815 seconds 
========================================================================
Received Import Request.
  Time since last request: 0.044187 seconds.
  path: Assets/hand-painted-sakura-tree/source/Sakura tree.fbx
  artifactKey: Guid(6ea80a4f8ec814923af22a572cd2b947) Importer(815301076,1909f56bfc062723c751e8b465ee728b)
Start importing Assets/hand-painted-sakura-tree/source/Sakura tree.fbx using Guid(6ea80a4f8ec814923af22a572cd2b947) Importer(815301076,1909f56bfc062723c751e8b465ee728b)  -> (artifact id: '9805dae0d5b9a8a10469acdaa4aa8d6f') in 0.957695 seconds 
========================================================================
Received Import Request.
  Time since last request: 11.262610 seconds.
  path: Assets/hand-painted-sakura-tree/textures
  artifactKey: Guid(d71f62325eac4412a8b86e32cd63be5c) Importer(815301076,1909f56bfc062723c751e8b465ee728b)
Start importing Assets/hand-painted-sakura-tree/textures using Guid(d71f62325eac4412a8b86e32cd63be5c) Importer(815301076,1909f56bfc062723c751e8b465ee728b)  -> (artifact id: '6eae6c999abf4a9e4e0d48c6e3b65c68') in 0.003712 seconds 
========================================================================
Received Import Request.
  Time since last request: 0.036701 seconds.
  path: Assets/hand-painted-sakura-tree/textures/Environment_Tree_Cherry_001.tga.png
  artifactKey: Guid(49504f009ae614b848a6a1f2dd959303) Importer(815301076,1909f56bfc062723c751e8b465ee728b)
Start importing Assets/hand-painted-sakura-tree/textures/Environment_Tree_Cherry_001.tga.png using Guid(49504f009ae614b848a6a1f2dd959303) Importer(815301076,1909f56bfc062723c751e8b465ee728b)  -> (artifact id: '88e70be368c0cd34731cdf820186013c') in 0.057455 seconds 
========================================================================
Received Import Request.
  Time since last request: 19.238913 seconds.
  path: Assets/XRI
  artifactKey: Guid(64ffc3c7b6a48c74e8f9f5b0f2d6471f) Importer(815301076,1909f56bfc062723c751e8b465ee728b)
Start importing Assets/XRI using Guid(64ffc3c7b6a48c74e8f9f5b0f2d6471f) Importer(815301076,1909f56bfc062723c751e8b465ee728b)  -> (artifact id: 'dac72cdddddb63ae1a646e54e5d7748c') in 0.003742 seconds 
========================================================================
Received Import Request.
  Time since last request: 92.061673 seconds.
  path: Assets/tree-sakura
  artifactKey: Guid(07f0735343405484ebb641e5cc46a23f) Importer(815301076,1909f56bfc062723c751e8b465ee728b)
Start importing Assets/tree-sakura using Guid(07f0735343405484ebb641e5cc46a23f) Importer(815301076,1909f56bfc062723c751e8b465ee728b)  -> (artifact id: '0d65fa775339fcfc8c27fdfbbf1ec4ee') in 0.003636 seconds 
========================================================================
Received Import Request.
  Time since last request: 3.106442 seconds.
  path: Assets/tree-sakura/source
  artifactKey: Guid(5651e4f0cf90d4ecfa9ea2bc26c0133c) Importer(815301076,1909f56bfc062723c751e8b465ee728b)
Start importing Assets/tree-sakura/source using Guid(5651e4f0cf90d4ecfa9ea2bc26c0133c) Importer(815301076,1909f56bfc062723c751e8b465ee728b)  -> (artifact id: '4a0947c3111434fcb9bb8d8ee21395da') in 0.001319 seconds 
========================================================================
Received Import Request.
  Time since last request: 2.287080 seconds.
  path: Assets/tree-sakura/source/Tree.zip
  artifactKey: Guid(1a8b53e5c8aeb4a4aaf0ad601fe5d59a) Importer(815301076,1909f56bfc062723c751e8b465ee728b)
Start importing Assets/tree-sakura/source/Tree.zip using Guid(1a8b53e5c8aeb4a4aaf0ad601fe5d59a) Importer(815301076,1909f56bfc062723c751e8b465ee728b)  -> (artifact id: '2608927238911979f616e6ffcee136a8') in 0.224724 seconds 
========================================================================
Received Import Request.
  Time since last request: 29.377719 seconds.
  path: Assets/Tree.obj
  artifactKey: Guid(da4babdd5f38841e4b1e57c595a99d24) Importer(815301076,1909f56bfc062723c751e8b465ee728b)
Start importing Assets/Tree.obj using Guid(da4babdd5f38841e4b1e57c595a99d24) Importer(815301076,1909f56bfc062723c751e8b465ee728b)  -> (artifact id: 'bc979f0c18e5c1ba64119c4d2195a74d') in 0.715180 seconds 
========================================================================
Received Import Request.
  Time since last request: 32.741695 seconds.
  path: Assets/tree-sakura 1
  artifactKey: Guid(bb3f7b7b211df46109920d7f49d928d0) Importer(815301076,1909f56bfc062723c751e8b465ee728b)
Start importing Assets/tree-sakura 1 using Guid(bb3f7b7b211df46109920d7f49d928d0) Importer(815301076,1909f56bfc062723c751e8b465ee728b)  -> (artifact id: 'e42bde9fd0af4c358e5dca6f53ca8d2a') in 0.003504 seconds 
========================================================================
Received Import Request.
  Time since last request: 1.305199 seconds.
  path: Assets/tree-sakura 1/source
  artifactKey: Guid(4447bc34368774e6a9afb3d41659e120) Importer(815301076,1909f56bfc062723c751e8b465ee728b)
Start importing Assets/tree-sakura 1/source using Guid(4447bc34368774e6a9afb3d41659e120) Importer(815301076,1909f56bfc062723c751e8b465ee728b)  -> (artifact id: '0b80ad73c46861ca3a3d1a569da647f7') in 0.001977 seconds 
========================================================================
Received Import Request.
  Time since last request: 0.873774 seconds.
  path: Assets/tree-sakura 1/source/Tree.obj
  artifactKey: Guid(f6179d922ccd2438fa394fe9edaa6177) Importer(815301076,1909f56bfc062723c751e8b465ee728b)
Start importing Assets/tree-sakura 1/source/Tree.obj using Guid(f6179d922ccd2438fa394fe9edaa6177) Importer(815301076,1909f56bfc062723c751e8b465ee728b)  -> (artifact id: '697fb8da891460907bf89b9c6b01e44d') in 0.055693 seconds 
========================================================================
Received Import Request.
  Time since last request: 3.558057 seconds.
  path: Assets/tree-sakura 1/textures
  artifactKey: Guid(5e29afdb452b4440a9354c339ee72144) Importer(815301076,1909f56bfc062723c751e8b465ee728b)
Start importing Assets/tree-sakura 1/textures using Guid(5e29afdb452b4440a9354c339ee72144) Importer(815301076,1909f56bfc062723c751e8b465ee728b)  -> (artifact id: '845ef4d0ddc09902d11ebfbdf9a25770') in 0.002415 seconds 
========================================================================
Received Import Request.
  Time since last request: 0.043319 seconds.
  path: Assets/tree-sakura 1/textures/177.jpg
  artifactKey: Guid(46d7945c97c7f418081c046828b63073) Importer(815301076,1909f56bfc062723c751e8b465ee728b)
Start importing Assets/tree-sakura 1/textures/177.jpg using Guid(46d7945c97c7f418081c046828b63073) Importer(815301076,1909f56bfc062723c751e8b465ee728b)  -> (artifact id: 'd132b1e6ee099aaa1dc1e0370352d010') in 1.256302 seconds 
========================================================================
Received Import Request.
  Time since last request: 58.048985 seconds.
  path: Assets/XR
  artifactKey: Guid(bbbc502f9259b6b46a0aca4282cbd9a3) Importer(815301076,1909f56bfc062723c751e8b465ee728b)
Start importing Assets/XR using Guid(bbbc502f9259b6b46a0aca4282cbd9a3) Importer(815301076,1909f56bfc062723c751e8b465ee728b)  -> (artifact id: 'eb8515acf12ad419bf4f86a6e64b06b0') in 0.005603 seconds 
========================================================================
Received Import Request.
  Time since last request: 354.395653 seconds.
  path: Assets/Small-Tree.obj
  artifactKey: Guid(b894724404b254b469345f0485f5b50b) Importer(815301076,1909f56bfc062723c751e8b465ee728b)
Start importing Assets/Small-Tree.obj using Guid(b894724404b254b469345f0485f5b50b) Importer(815301076,1909f56bfc062723c751e8b465ee728b)  -> (artifact id: 'c59426ec45cef98526a4ca143de5eabf') in 0.253777 seconds 
========================================================================
Received Import Request.
  Time since last request: 34.540917 seconds.
  path: Assets/organics-small-tree
  artifactKey: Guid(1cf0ccf0db0ac43959ea058ef26e113f) Importer(815301076,1909f56bfc062723c751e8b465ee728b)
Start importing Assets/organics-small-tree using Guid(1cf0ccf0db0ac43959ea058ef26e113f) Importer(815301076,1909f56bfc062723c751e8b465ee728b)  -> (artifact id: '8b881b79c006ce32fe40364a95be0b4a') in 0.007504 seconds 
========================================================================
Received Import Request.
  Time since last request: 0.751487 seconds.
  path: Assets/organics-small-tree/source
  artifactKey: Guid(f6bd4b044021f4a04ac7a5965ec6bcce) Importer(815301076,1909f56bfc062723c751e8b465ee728b)
Start importing Assets/organics-small-tree/source using Guid(f6bd4b044021f4a04ac7a5965ec6bcce) Importer(815301076,1909f56bfc062723c751e8b465ee728b)  -> (artifact id: '98e914fbec561d164ab0d3b7d89b0a0a') in 0.006896 seconds 
========================================================================
Received Import Request.
  Time since last request: 0.793215 seconds.
  path: Assets/organics-small-tree/textures
  artifactKey: Guid(a7114fae151194d7f850bed0b2b892d6) Importer(815301076,1909f56bfc062723c751e8b465ee728b)
Start importing Assets/organics-small-tree/textures using Guid(a7114fae151194d7f850bed0b2b892d6) Importer(815301076,1909f56bfc062723c751e8b465ee728b)  -> (artifact id: '6763d2a0ee219939d0872ed2796488f7') in 0.002167 seconds 
========================================================================
Received Import Request.
  Time since last request: 0.023187 seconds.
  path: Assets/organics-small-tree/textures/Tree-DIFF.jpg
  artifactKey: Guid(a343f7941e800472abd2e573f8fcb68c) Importer(815301076,1909f56bfc062723c751e8b465ee728b)
Start importing Assets/organics-small-tree/textures/Tree-DIFF.jpg using Guid(a343f7941e800472abd2e573f8fcb68c) Importer(815301076,1909f56bfc062723c751e8b465ee728b)  -> (artifact id: 'fe4b8da876b00ca7c83811dc9bc6b6c2') in 0.190059 seconds 
========================================================================
Received Import Request.
  Time since last request: 3.546709 seconds.
  path: Assets/organics-small-tree/source/Small-Tree.obj
  artifactKey: Guid(1e04b7d2a7eca41469c602e82bef6125) Importer(815301076,1909f56bfc062723c751e8b465ee728b)
Start importing Assets/organics-small-tree/source/Small-Tree.obj using Guid(1e04b7d2a7eca41469c602e82bef6125) Importer(815301076,1909f56bfc062723c751e8b465ee728b)  -> (artifact id: 'e5fd64bf99d81f1dee8e9cc860fd6cb7') in 0.059582 seconds 
========================================================================
Received Import Request.
  Time since last request: 73.079075 seconds.
  path: Assets/Material/stylized-tree
  artifactKey: Guid(bbb26d997f2894989aba724ed8f3b237) Importer(815301076,1909f56bfc062723c751e8b465ee728b)
Start importing Assets/Material/stylized-tree using Guid(bbb26d997f2894989aba724ed8f3b237) Importer(815301076,1909f56bfc062723c751e8b465ee728b)  -> (artifact id: '5b8cb9b326cecb3637cbd1998d7d20d2') in 0.003371 seconds 
========================================================================
Received Import Request.
  Time since last request: 9.005058 seconds.
  path: Assets/stylized-tree
  artifactKey: Guid(c3fc654ae0ddd494c821d81bcc8e0875) Importer(815301076,1909f56bfc062723c751e8b465ee728b)
Start importing Assets/stylized-tree using Guid(c3fc654ae0ddd494c821d81bcc8e0875) Importer(815301076,1909f56bfc062723c751e8b465ee728b)  -> (artifact id: 'b03bcf654529136cecaa3da58d1643b7') in 0.004317 seconds 
========================================================================
Received Import Request.
  Time since last request: 0.913645 seconds.
  path: Assets/stylized-tree/source
  artifactKey: Guid(cbff6d101be3b49ea9193153704c0e9f) Importer(815301076,1909f56bfc062723c751e8b465ee728b)
Start importing Assets/stylized-tree/source using Guid(cbff6d101be3b49ea9193153704c0e9f) Importer(815301076,1909f56bfc062723c751e8b465ee728b)  -> (artifact id: '50f0dc904f40e94ee0019cc97c00db47') in 0.002593 seconds 
========================================================================
Received Import Request.
  Time since last request: 0.042855 seconds.
  path: Assets/stylized-tree/source/oak 01.fbx
  artifactKey: Guid(a9aad2d1d36b9450590c200ca8a251af) Importer(815301076,1909f56bfc062723c751e8b465ee728b)
Start importing Assets/stylized-tree/source/oak 01.fbx using Guid(a9aad2d1d36b9450590c200ca8a251af) Importer(815301076,1909f56bfc062723c751e8b465ee728b)  -> (artifact id: '02dff9c7e6304396fb5fac675e329ecd') in 0.131131 seconds 
========================================================================
Received Import Request.
  Time since last request: 37.912852 seconds.
  path: Assets/Dragon.fbx
  artifactKey: Guid(b630dfca1dd2b4b868b93b8e43c12f5d) Importer(815301076,1909f56bfc062723c751e8b465ee728b)
Start importing Assets/Dragon.fbx using Guid(b630dfca1dd2b4b868b93b8e43c12f5d) Importer(815301076,1909f56bfc062723c751e8b465ee728b)  -> (artifact id: '0833d0f0df6fc300fa98334786c1f1a9') in 0.080277 seconds 
========================================================================
Received Import Request.
  Time since last request: 52.260414 seconds.
  path: Assets/Scenes/COMM_170_Week5_Wu_Scene1.unity
  artifactKey: Guid(bde2f3d8a88895c40811cedb0d7a0ac0) Importer(815301076,1909f56bfc062723c751e8b465ee728b)
Start importing Assets/Scenes/COMM_170_Week5_Wu_Scene1.unity using Guid(bde2f3d8a88895c40811cedb0d7a0ac0) Importer(815301076,1909f56bfc062723c751e8b465ee728b)  -> (artifact id: '59a30eecc7ece98f92a154354ea95455') in 0.004714 seconds 
========================================================================
Received Import Request.
  Time since last request: 14.104703 seconds.
  path: Assets/Scenes/COMM170.unity
  artifactKey: Guid(bde2f3d8a88895c40811cedb0d7a0ac0) Importer(815301076,1909f56bfc062723c751e8b465ee728b)
Start importing Assets/Scenes/COMM170.unity using Guid(bde2f3d8a88895c40811cedb0d7a0ac0) Importer(815301076,1909f56bfc062723c751e8b465ee728b)  -> (artifact id: '9d516db45622e0cd01df011cbb7978cc') in 0.001191 seconds 
========================================================================
Received Import Request.
  Time since last request: 7.238598 seconds.
  path: Assets/Scenes/3D Model Practice.unity
  artifactKey: Guid(bde2f3d8a88895c40811cedb0d7a0ac0) Importer(815301076,1909f56bfc062723c751e8b465ee728b)
Start importing Assets/Scenes/3D Model Practice.unity using Guid(bde2f3d8a88895c40811cedb0d7a0ac0) Importer(815301076,1909f56bfc062723c751e8b465ee728b)  -> (artifact id: '0e2c1564bea0a5fbbe4df3f655ebde49') in 0.002007 seconds 
========================================================================
Received Import Request.
  Time since last request: 272.479403 seconds.
  path: Assets/Samples
  artifactKey: Guid(b657d2163166c1b49aafbd059c0c31cd) Importer(815301076,1909f56bfc062723c751e8b465ee728b)
Start importing Assets/Samples using Guid(b657d2163166c1b49aafbd059c0c31cd) Importer(815301076,1909f56bfc062723c751e8b465ee728b)  -> (artifact id: '03f53597a8a1b5e91ef1b943949d9c5d') in 0.006336 seconds 
========================================================================
Received Import Request.
  Time since last request: 24.110041 seconds.
  path: Assets/3D Models
  artifactKey: Guid(7efc9c2a5944142dd9607e0b5991d4e6) Importer(815301076,1909f56bfc062723c751e8b465ee728b)
Start importing Assets/3D Models using Guid(7efc9c2a5944142dd9607e0b5991d4e6) Importer(815301076,1909f56bfc062723c751e8b465ee728b)  -> (artifact id: '8b458364749fe32dcd490f25c947dc11') in 0.004209 seconds 
