Unity Editor version:    2021.3.19f1 (c9714fde33b6)
Branch:                  2021.3/staging
Build type:              Release
Batch mode:              YES
macOS version:           Version 13.2 (Build 22D49)
Darwin version:          22.3.0
Architecture:            x86_64
Running under Rosetta:   NO
Available memory:        16384 MB
Using pre-set license
Pro License: YES

COMMAND LINE ARGUMENTS:
/Applications/Unity/Hub/Editor/2021.3.19f1/Unity.app/Contents/MacOS/Unity
-adb2
-batchMode
-noUpm
-name
AssetImportWorker1
-projectPath
/Users/jonathanwu/Documents/GitHub/COMM 170/COMM 170 Week 5
-logFile
Logs/AssetImportWorker1.log
-srvPort
57865
Successfully changed project path to: /Users/jonathanwu/Documents/GitHub/COMM 170/COMM 170 Week 5
/Users/jonathanwu/Documents/GitHub/COMM 170/COMM 170 Week 5
[UnityMemory] Configuration Parameters - Can be set up in boot.config
    "memorysetup-bucket-allocator-granularity=16"
    "memorysetup-bucket-allocator-bucket-count=8"
    "memorysetup-bucket-allocator-block-size=33554432"
    "memorysetup-bucket-allocator-block-count=8"
    "memorysetup-main-allocator-block-size=16777216"
    "memorysetup-thread-allocator-block-size=16777216"
    "memorysetup-gfx-main-allocator-block-size=16777216"
    "memorysetup-gfx-thread-allocator-block-size=16777216"
    "memorysetup-cache-allocator-block-size=4194304"
    "memorysetup-typetree-allocator-block-size=2097152"
    "memorysetup-profiler-bucket-allocator-granularity=16"
    "memorysetup-profiler-bucket-allocator-bucket-count=8"
    "memorysetup-profiler-bucket-allocator-block-size=33554432"
    "memorysetup-profiler-bucket-allocator-block-count=8"
    "memorysetup-profiler-allocator-block-size=16777216"
    "memorysetup-profiler-editor-allocator-block-size=1048576"
    "memorysetup-temp-allocator-size-main=16777216"
    "memorysetup-job-temp-allocator-block-size=2097152"
    "memorysetup-job-temp-allocator-block-size-background=1048576"
    "memorysetup-job-temp-allocator-reduction-small-platforms=262144"
    "memorysetup-temp-allocator-size-background-worker=32768"
    "memorysetup-temp-allocator-size-job-worker=262144"
    "memorysetup-temp-allocator-size-preload-manager=33554432"
    "memorysetup-temp-allocator-size-nav-mesh-worker=65536"
    "memorysetup-temp-allocator-size-audio-worker=65536"
    "memorysetup-temp-allocator-size-cloud-worker=32768"
    "memorysetup-temp-allocator-size-gi-baking-worker=262144"
    "memorysetup-temp-allocator-size-gfx=262144"
Player connection [140704586884672] Host "[IP] 172.31.123.211 [Port] 0 [Flags] 2 [Guid] 1269219111 [EditorId] 1269219111 [Version] 1048832 [Id] OSXEditor(0,Jonathans-MacBook-Pro-2.local) [Debug] 1 [PackageName] OSXEditor [ProjectName] Editor" joined multi-casting on [225.0.0.222:54997]...

Player connection [140704586884672] Host "[IP] 172.31.123.211 [Port] 0 [Flags] 2 [Guid] 1269219111 [EditorId] 1269219111 [Version] 1048832 [Id] OSXEditor(0,Jonathans-MacBook-Pro-2.local) [Debug] 1 [PackageName] OSXEditor [ProjectName] Editor" joined alternative multi-casting on [225.0.0.222:34997]...

Refreshing native plugins compatible for Editor in 185.82 ms, found 2 plugins.
Preloading 0 native plugins for Editor in 0.00 ms.
Initialize engine version: 2021.3.19f1 (c9714fde33b6)
[Subsystems] Discovering subsystems at path /Applications/Unity/Hub/Editor/2021.3.19f1/Unity.app/Contents/Resources/UnitySubsystems
[Subsystems] Discovering subsystems at path /Users/jonathanwu/Documents/GitHub/COMM 170/COMM 170 Week 5/Assets
GfxDevice: creating device client; threaded=0; jobified=0
Color LCD preferred device: Intel(R) Iris(TM) Plus Graphics (low power)
Metal devices available: 1
0: Intel(R) Iris(TM) Plus Graphics (low power)
Using device Intel(R) Iris(TM) Plus Graphics (low power)
Initializing Metal device caps: Intel(R) Iris(TM) Plus Graphics
Initialize mono
Mono path[0] = '/Applications/Unity/Hub/Editor/2021.3.19f1/Unity.app/Contents/Managed'
Mono path[1] = '/Applications/Unity/Hub/Editor/2021.3.19f1/Unity.app/Contents/MonoBleedingEdge/lib/mono/unityjit-macos'
Mono config path = '/Applications/Unity/Hub/Editor/2021.3.19f1/Unity.app/Contents/MonoBleedingEdge/etc'
Using monoOptions --debugger-agent=transport=dt_socket,embedding=1,server=y,suspend=n,address=127.0.0.1:56104
Begin MonoManager ReloadAssembly
Registering precompiled unity dll's ...
Register platform support module: /Applications/Unity/Hub/Editor/2021.3.19f1/PlaybackEngines/WebGLSupport/UnityEditor.WebGL.Extensions.dll
Register platform support module: /Applications/Unity/Hub/Editor/2021.3.19f1/Unity.app/Contents/PlaybackEngines/MacStandaloneSupport/UnityEditor.OSXStandalone.Extensions.dll
Registered in 0.003860 seconds.
Native extension for OSXStandalone target not found
Native extension for WebGL target not found
Refreshing native plugins compatible for Editor in 206.61 ms, found 2 plugins.
Preloading 0 native plugins for Editor in 0.00 ms.
Mono: successfully reloaded assembly
- Completed reload, in  1.352 seconds
Domain Reload Profiling:
	ReloadAssembly (1353ms)
		BeginReloadAssembly (183ms)
			ExecutionOrderSort (0ms)
			DisableScriptedObjects (0ms)
			BackupInstance (0ms)
			ReleaseScriptingObjects (0ms)
			CreateAndSetChildDomain (1ms)
		EndReloadAssembly (948ms)
			LoadAssemblies (184ms)
			RebuildTransferFunctionScriptingTraits (0ms)
			SetupTypeCache (208ms)
			ReleaseScriptCaches (0ms)
			RebuildScriptCaches (54ms)
			SetupLoadedEditorAssemblies (610ms)
				LogAssemblyErrors (0ms)
				InitializePlatformSupportModulesInManaged (15ms)
				SetLoadedEditorAssemblies (1ms)
				RefreshPlugins (207ms)
				BeforeProcessingInitializeOnLoad (2ms)
				ProcessInitializeOnLoadAttributes (313ms)
				ProcessInitializeOnLoadMethodAttributes (72ms)
				AfterProcessingInitializeOnLoad (0ms)
				EditorAssembliesLoaded (0ms)
			ExecutionOrderSort2 (0ms)
			AwakeInstancesAfterBackupRestoration (0ms)
Platform modules already initialized, skipping
Registering precompiled user dll's ...
Registered in 0.020728 seconds.
Begin MonoManager ReloadAssembly
Symbol file LoadedFromMemory doesn't match image /Users/jonathanwu/Documents/GitHub/COMM 170/COMM 170 Week 5/Library/PackageCache/com.unity.visualscripting@1.8.0/Editor/VisualScripting.Core/Dependencies/DotNetZip/Unity.VisualScripting.IonicZip.dll
Symbol file LoadedFromMemory doesn't match image /Users/jonathanwu/Documents/GitHub/COMM 170/COMM 170 Week 5/Library/PackageCache/com.unity.visualscripting@1.8.0/Editor/VisualScripting.Core/Dependencies/YamlDotNet/Unity.VisualScripting.YamlDotNet.dll
Native extension for OSXStandalone target not found
Native extension for WebGL target not found
Refreshing native plugins compatible for Editor in 99.48 ms, found 2 plugins.
Preloading 0 native plugins for Editor in 0.00 ms.
Package Manager log level set to [2]
Mono: successfully reloaded assembly
- Completed reload, in  2.152 seconds
Domain Reload Profiling:
	ReloadAssembly (2154ms)
		BeginReloadAssembly (241ms)
			ExecutionOrderSort (0ms)
			DisableScriptedObjects (18ms)
			BackupInstance (0ms)
			ReleaseScriptingObjects (0ms)
			CreateAndSetChildDomain (64ms)
		EndReloadAssembly (1611ms)
			LoadAssemblies (214ms)
			RebuildTransferFunctionScriptingTraits (0ms)
			SetupTypeCache (507ms)
			ReleaseScriptCaches (1ms)
			RebuildScriptCaches (118ms)
			SetupLoadedEditorAssemblies (724ms)
				LogAssemblyErrors (0ms)
				InitializePlatformSupportModulesInManaged (7ms)
				SetLoadedEditorAssemblies (0ms)
				RefreshPlugins (100ms)
				BeforeProcessingInitializeOnLoad (117ms)
				ProcessInitializeOnLoadAttributes (451ms)
				ProcessInitializeOnLoadMethodAttributes (47ms)
				AfterProcessingInitializeOnLoad (2ms)
				EditorAssembliesLoaded (0ms)
			ExecutionOrderSort2 (0ms)
			AwakeInstancesAfterBackupRestoration (5ms)
Platform modules already initialized, skipping
========================================================================
Worker process is ready to serve import requests
Launching external process: /Applications/Unity/Hub/Editor/2021.3.19f1/Unity.app/Contents/Tools/UnityShaderCompiler
Launched and connected shader compiler UnityShaderCompiler after 0.08 seconds
Refreshing native plugins compatible for Editor in 0.70 ms, found 2 plugins.
Preloading 0 native plugins for Editor in 0.00 ms.
Unloading 4226 Unused Serialized files (Serialized files now loaded: 0)
Unloading 49 unused Assets / (41.1 KB). Loaded Objects now: 4680.
Memory consumption went from 150.3 MB to 150.3 MB.
Total: 5.618937 ms (FindLiveObjects: 0.394984 ms CreateObjectMapping: 0.397991 ms MarkObjects: 4.674459 ms  DeleteObjects: 0.150163 ms)

AssetImportParameters requested are different than current active one (requested -> active):
  custom:video-decoder-ogg-theora: a1e56fd34408186e4bbccfd4996cb3dc -> 
  custom:container-muxer-webm: aa71ff27fc2769a1b78a27578f13a17b -> 
  custom:container-demuxer-webm: 4f35f7cbe854078d1ac9338744f61a02 -> 
  custom:video-encoder-webm-vp8: eb34c28f22e8b96e1ab97ce403110664 -> 
  custom:framework-osx-AVFoundation: e770b220cccbd017edd2c1fefb359320 -> 
  custom:audio-encoder-webm-vorbis: bf7c407c2cedff20999df2af8eb42d56 -> 
  custom:container-demuxer-ogg: 62fdf1f143b41e24485cea50d1cbac27 -> 
  custom:video-decoder-webm-vp8: 9c59270c3fd7afecdb556c50c9e8de78 -> 
  custom:audio-decoder-ogg-vorbis: bf7c407c2cedff20999df2af8eb42d56 -> 
========================================================================
Received Import Request.
  Time since last request: 471394.863121 seconds.
  path: Assets/Scenes/COMM 170 Week 5 Unity.unity
  artifactKey: Guid(5e55cebb478686d418da4b6bc348adaa) Importer(815301076,1909f56bfc062723c751e8b465ee728b)
Start importing Assets/Scenes/COMM 170 Week 5 Unity.unity using Guid(5e55cebb478686d418da4b6bc348adaa) Importer(815301076,1909f56bfc062723c751e8b465ee728b)  -> (artifact id: '07dc44e0faf6759391dc6d40fbb6b899') in 0.009551 seconds 
========================================================================
Received Import Request.
  Time since last request: 0.000108 seconds.
  path: Assets/Material
  artifactKey: Guid(dcb518aac9e659344926fead0a25f176) Importer(815301076,1909f56bfc062723c751e8b465ee728b)
Start importing Assets/Material using Guid(dcb518aac9e659344926fead0a25f176) Importer(815301076,1909f56bfc062723c751e8b465ee728b)  -> (artifact id: 'e4bbf6f7b71c09cad37a9bd33e8a870a') in 0.002233 seconds 
========================================================================
Received Import Request.
  Time since last request: 0.000124 seconds.
  path: Assets/Material/Sphere Material 1.mat
  artifactKey: Guid(9b87cdbb1e3d5124598c0961279a193e) Importer(815301076,1909f56bfc062723c751e8b465ee728b)
Start importing Assets/Material/Sphere Material 1.mat using Guid(9b87cdbb1e3d5124598c0961279a193e) Importer(815301076,1909f56bfc062723c751e8b465ee728b)  -> (artifact id: '1d87524c226fa6a589d5d36f5918bfa1') in 0.660094 seconds 
========================================================================
Received Import Request.
  Time since last request: 0.000104 seconds.
  path: Assets/Material/Sphere Material.mat
  artifactKey: Guid(f40551cc50b977a4c9203830376c5e0b) Importer(815301076,1909f56bfc062723c751e8b465ee728b)
Start importing Assets/Material/Sphere Material.mat using Guid(f40551cc50b977a4c9203830376c5e0b) Importer(815301076,1909f56bfc062723c751e8b465ee728b)  -> (artifact id: '1509b714f86cc2ba85b02bedfba9be41') in 0.019320 seconds 
========================================================================
Received Import Request.
  Time since last request: 442.094138 seconds.
  path: Assets/sakura-tree/textures/Bench_D.png
  artifactKey: Guid(eff37f5fe79e04834b41bb2c71703f7d) Importer(815301076,1909f56bfc062723c751e8b465ee728b)
Start importing Assets/sakura-tree/textures/Bench_D.png using Guid(eff37f5fe79e04834b41bb2c71703f7d) Importer(815301076,1909f56bfc062723c751e8b465ee728b)  -> (artifact id: 'd2a4278e95763568a8a7004c676e3f84') in 0.959433 seconds 
========================================================================
Received Import Request.
  Time since last request: 0.000323 seconds.
  path: Assets/sakura-tree/textures/Sakura branches.png
  artifactKey: Guid(14aae03277ea14516aa3419303cac120) Importer(815301076,1909f56bfc062723c751e8b465ee728b)
Start importing Assets/sakura-tree/textures/Sakura branches.png using Guid(14aae03277ea14516aa3419303cac120) Importer(815301076,1909f56bfc062723c751e8b465ee728b)  -> (artifact id: '293aaf2a68ccb4ddd0ec3136408e0d66') in 0.022950 seconds 
========================================================================
Received Import Request.
  Time since last request: 150.887780 seconds.
  path: Assets/Objects/Plane.prefab
  artifactKey: Guid(aabc9a9eb01caaf42bbb18a115402822) Importer(815301076,1909f56bfc062723c751e8b465ee728b)
Start importing Assets/Objects/Plane.prefab using Guid(aabc9a9eb01caaf42bbb18a115402822) Importer(815301076,1909f56bfc062723c751e8b465ee728b)  -> (artifact id: '1dabaf6b8aa5f07d20a6d12b2338155a') in 0.158918 seconds 
========================================================================
Received Import Request.
  Time since last request: 0.000128 seconds.
  path: Assets/Objects/Table Leg.prefab
  artifactKey: Guid(1c7cd502e24e1d64991b30581ada7047) Importer(815301076,1909f56bfc062723c751e8b465ee728b)
Start importing Assets/Objects/Table Leg.prefab using Guid(1c7cd502e24e1d64991b30581ada7047) Importer(815301076,1909f56bfc062723c751e8b465ee728b)  -> (artifact id: '7f491c3775a345c18dd68bc456ab9e5e') in 0.021863 seconds 
========================================================================
Received Prepare
Registering precompiled user dll's ...
Registered in 0.007877 seconds.
Begin MonoManager ReloadAssembly
Symbol file LoadedFromMemory doesn't match image /Users/jonathanwu/Documents/GitHub/COMM 170/COMM 170 Week 5/Library/PackageCache/com.unity.visualscripting@1.8.0/Editor/VisualScripting.Core/Dependencies/DotNetZip/Unity.VisualScripting.IonicZip.dll
Symbol file LoadedFromMemory doesn't match image /Users/jonathanwu/Documents/GitHub/COMM 170/COMM 170 Week 5/Library/PackageCache/com.unity.visualscripting@1.8.0/Editor/VisualScripting.Core/Dependencies/YamlDotNet/Unity.VisualScripting.YamlDotNet.dll
Native extension for OSXStandalone target not found
Native extension for WebGL target not found
Refreshing native plugins compatible for Editor in 0.98 ms, found 2 plugins.
Preloading 0 native plugins for Editor in 0.00 ms.
Mono: successfully reloaded assembly
- Completed reload, in  1.793 seconds
Domain Reload Profiling:
	ReloadAssembly (1794ms)
		BeginReloadAssembly (381ms)
			ExecutionOrderSort (0ms)
			DisableScriptedObjects (9ms)
			BackupInstance (0ms)
			ReleaseScriptingObjects (0ms)
			CreateAndSetChildDomain (167ms)
		EndReloadAssembly (1255ms)
			LoadAssemblies (199ms)
			RebuildTransferFunctionScriptingTraits (0ms)
			SetupTypeCache (478ms)
			ReleaseScriptCaches (2ms)
			RebuildScriptCaches (67ms)
			SetupLoadedEditorAssemblies (480ms)
				LogAssemblyErrors (0ms)
				InitializePlatformSupportModulesInManaged (12ms)
				SetLoadedEditorAssemblies (1ms)
				RefreshPlugins (1ms)
				BeforeProcessingInitializeOnLoad (78ms)
				ProcessInitializeOnLoadAttributes (342ms)
				ProcessInitializeOnLoadMethodAttributes (43ms)
				AfterProcessingInitializeOnLoad (2ms)
				EditorAssembliesLoaded (0ms)
			ExecutionOrderSort2 (0ms)
			AwakeInstancesAfterBackupRestoration (5ms)
Platform modules already initialized, skipping
Refreshing native plugins compatible for Editor in 10.18 ms, found 2 plugins.
Preloading 0 native plugins for Editor in 0.00 ms.
Unloading 4231 Unused Serialized files (Serialized files now loaded: 0)
Unloading 46 unused Assets / (72.8 KB). Loaded Objects now: 4740.
Memory consumption went from 165.4 MB to 165.3 MB.
Total: 5.473322 ms (FindLiveObjects: 0.392672 ms CreateObjectMapping: 0.197834 ms MarkObjects: 4.744475 ms  DeleteObjects: 0.137101 ms)

AssetImportParameters requested are different than current active one (requested -> active):
  custom:video-decoder-ogg-theora: a1e56fd34408186e4bbccfd4996cb3dc -> 
  custom:container-muxer-webm: aa71ff27fc2769a1b78a27578f13a17b -> 
  custom:container-demuxer-webm: 4f35f7cbe854078d1ac9338744f61a02 -> 
  custom:video-encoder-webm-vp8: eb34c28f22e8b96e1ab97ce403110664 -> 
  custom:framework-osx-AVFoundation: e770b220cccbd017edd2c1fefb359320 -> 
  custom:audio-encoder-webm-vorbis: bf7c407c2cedff20999df2af8eb42d56 -> 
  custom:container-demuxer-ogg: 62fdf1f143b41e24485cea50d1cbac27 -> 
  custom:video-decoder-webm-vp8: 9c59270c3fd7afecdb556c50c9e8de78 -> 
  custom:audio-decoder-ogg-vorbis: bf7c407c2cedff20999df2af8eb42d56 -> 
========================================================================
Received Import Request.
  Time since last request: 574.318846 seconds.
  path: Assets/tree-sakura 1/textures/DL2X2_0355.png
  artifactKey: Guid(8b27e7664ec3b445fbc4d4d918896fac) Importer(815301076,1909f56bfc062723c751e8b465ee728b)
Start importing Assets/tree-sakura 1/textures/DL2X2_0355.png using Guid(8b27e7664ec3b445fbc4d4d918896fac) Importer(815301076,1909f56bfc062723c751e8b465ee728b)  -> (artifact id: 'db9d0ee53ab6cbce083b259a34ea7d4f') in 0.217017 seconds 
========================================================================
Received Import Request.
  Time since last request: 450.039668 seconds.
  path: Assets/organics-small-tree/textures/Tree-TRANS.jpg
  artifactKey: Guid(a5422623e70c44b97b6adfe75b94ebde) Importer(815301076,1909f56bfc062723c751e8b465ee728b)
Start importing Assets/organics-small-tree/textures/Tree-TRANS.jpg using Guid(a5422623e70c44b97b6adfe75b94ebde) Importer(815301076,1909f56bfc062723c751e8b465ee728b)  -> (artifact id: 'f671dbe1246067cd2b9573d34bb0651f') in 0.457168 seconds 
